admin['$cmd'].find({:ismaster=>1}, {}).limit(-1)
admin['$cmd'].find({:buildinfo=>1}, {}).limit(-1)
DEPRECATION WARNING: You are using the old router DSL which will be removed in Rails 3.1. Please check how to update your routes file at: http://www.engineyard.com/blog/2010/the-lowdown-on-routes-in-rails-3/. (called from <top (required)> at /home/mieczyk/Projekty/ichiban/spec/dummy/config/routes.rb:1)


Started GET "/" for 127.0.0.1 at 2010-10-29 12:34:39 +0200

ActionController::RoutingError (uninitialized constant ApplicationHelper::IchibanHelper):
  app/helpers/application_helper.rb:2:in `<module:ApplicationHelper>'
  app/helpers/application_helper.rb:1:in `<top (required)>'
  app/controllers/application_controller.rb:1:in `<top (required)>'
  app/controllers/home_controller.rb:3:in `<top (required)>'

Rendered /home/mieczyk/.rvm/gems/ruby-1.9.2-p0/gems/actionpack-3.0.1/lib/action_dispatch/middleware/templates/rescues/routing_error.erb within rescues/layout (1.2ms)
admin['$cmd'].find({:ismaster=>1}, {}).limit(-1)
admin['$cmd'].find({:buildinfo=>1}, {}).limit(-1)
DEPRECATION WARNING: You are using the old router DSL which will be removed in Rails 3.1. Please check how to update your routes file at: http://www.engineyard.com/blog/2010/the-lowdown-on-routes-in-rails-3/. (called from <top (required)> at /home/mieczyk/Projekty/ichiban/spec/dummy/config/routes.rb:1)


Started GET "/" for 127.0.0.1 at 2010-10-29 12:41:08 +0200
  Processing by HomeController#index as HTML
Rendered text template (0.0ms)
Completed 200 OK in 41ms (Views: 40.1ms)


Started GET "/admin" for 127.0.0.1 at 2010-10-29 12:41:14 +0200

ActionController::RoutingError (No route matches "/admin"):
  

Rendered /home/mieczyk/.rvm/gems/ruby-1.9.2-p0/gems/actionpack-3.0.1/lib/action_dispatch/middleware/templates/rescues/routing_error.erb within rescues/layout (1.2ms)
admin['$cmd'].find({:ismaster=>1}, {}).limit(-1)
admin['$cmd'].find({:buildinfo=>1}, {}).limit(-1)
DEPRECATION WARNING: You are using the old router DSL which will be removed in Rails 3.1. Please check how to update your routes file at: http://www.engineyard.com/blog/2010/the-lowdown-on-routes-in-rails-3/. (called from <top (required)> at /home/mieczyk/Projekty/ichiban/spec/dummy/config/routes.rb:1)
DEPRECATION WARNING: You are using the old router DSL which will be removed in Rails 3.1. Please check how to update your routes file at: http://www.engineyard.com/blog/2010/the-lowdown-on-routes-in-rails-3/. (called from <top (required)> at /home/mieczyk/Projekty/ichiban/spec/dummy/config/routes.rb:1)
admin['$cmd'].find({:ismaster=>1}, {}).limit(-1)
admin['$cmd'].find({:buildinfo=>1}, {}).limit(-1)
DEPRECATION WARNING: You are using the old router DSL which will be removed in Rails 3.1. Please check how to update your routes file at: http://www.engineyard.com/blog/2010/the-lowdown-on-routes-in-rails-3/. (called from <top (required)> at /home/mieczyk/Projekty/ichiban/spec/dummy/config/routes.rb:1)


Started GET "/admin" for 127.0.0.1 at 2010-10-29 12:43:58 +0200

ActionController::RoutingError (No route matches "/admin"):
  

Rendered /home/mieczyk/.rvm/gems/ruby-1.9.2-p0/gems/actionpack-3.0.1/lib/action_dispatch/middleware/templates/rescues/routing_error.erb within rescues/layout (1.2ms)
admin['$cmd'].find({:ismaster=>1}, {}).limit(-1)
admin['$cmd'].find({:buildinfo=>1}, {}).limit(-1)
DEPRECATION WARNING: You are using the old router DSL which will be removed in Rails 3.1. Please check how to update your routes file at: http://www.engineyard.com/blog/2010/the-lowdown-on-routes-in-rails-3/. (called from <top (required)> at /home/mieczyk/Projekty/ichiban/spec/dummy/config/routes.rb:1)
DEPRECATION WARNING: You are using the old router DSL which will be removed in Rails 3.1. Please check how to update your routes file at: http://www.engineyard.com/blog/2010/the-lowdown-on-routes-in-rails-3/. (called from <top (required)> at /home/mieczyk/Projekty/ichiban/spec/dummy/config/routes.rb:1)
admin['$cmd'].find({:ismaster=>1}, {}).limit(-1)
admin['$cmd'].find({:buildinfo=>1}, {}).limit(-1)
DEPRECATION WARNING: You are using the old router DSL which will be removed in Rails 3.1. Please check how to update your routes file at: http://www.engineyard.com/blog/2010/the-lowdown-on-routes-in-rails-3/. (called from <top (required)> at /home/mieczyk/Projekty/ichiban/spec/dummy/config/routes.rb:1)
admin['$cmd'].find({:ismaster=>1}, {}).limit(-1)
admin['$cmd'].find({:buildinfo=>1}, {}).limit(-1)
DEPRECATION WARNING: You are using the old router DSL which will be removed in Rails 3.1. Please check how to update your routes file at: http://www.engineyard.com/blog/2010/the-lowdown-on-routes-in-rails-3/. (called from <top (required)> at /home/mieczyk/Projekty/ichiban/spec/dummy/config/routes.rb:1)
DEPRECATION WARNING: You are using the old router DSL which will be removed in Rails 3.1. Please check how to update your routes file at: http://www.engineyard.com/blog/2010/the-lowdown-on-routes-in-rails-3/. (called from <top (required)> at /home/mieczyk/Projekty/ichiban/config/routes.rb:1)
DEPRECATION WARNING: You are using the old router DSL which will be removed in Rails 3.1. Please check how to update your routes file at: http://www.engineyard.com/blog/2010/the-lowdown-on-routes-in-rails-3/. (called from <top (required)> at /home/mieczyk/Projekty/ichiban/spec/dummy/config/routes.rb:1)
DEPRECATION WARNING: You are using the old router DSL which will be removed in Rails 3.1. Please check how to update your routes file at: http://www.engineyard.com/blog/2010/the-lowdown-on-routes-in-rails-3/. (called from <top (required)> at /home/mieczyk/Projekty/ichiban/config/routes.rb:1)
admin['$cmd'].find({:ismaster=>1}, {}).limit(-1)
admin['$cmd'].find({:buildinfo=>1}, {}).limit(-1)
DEPRECATION WARNING: You are using the old router DSL which will be removed in Rails 3.1. Please check how to update your routes file at: http://www.engineyard.com/blog/2010/the-lowdown-on-routes-in-rails-3/. (called from <top (required)> at /home/mieczyk/Projekty/ichiban/spec/dummy/config/routes.rb:1)
DEPRECATION WARNING: You are using the old router DSL which will be removed in Rails 3.1. Please check how to update your routes file at: http://www.engineyard.com/blog/2010/the-lowdown-on-routes-in-rails-3/. (called from <top (required)> at /home/mieczyk/Projekty/ichiban/config/routes.rb:1)


Started GET "/" for 127.0.0.1 at 2010-10-29 13:56:44 +0200
  Processing by HomeController#index as HTML
Rendered text template (0.0ms)
Completed 200 OK in 21ms (Views: 20.8ms)


Started GET "/admin" for 127.0.0.1 at 2010-10-29 13:56:44 +0200
  Processing by Admin::DashboardController#index as HTML
Completed   in 83ms


Started GET "/users/sign_in" for 127.0.0.1 at 2010-10-29 13:56:44 +0200
  Processing by Devise::SessionsController#new as HTML
Rendered /home/mieczyk/.rvm/gems/ruby-1.9.2-p0/gems/devise-1.1.3/app/views/devise/shared/_links.erb (1.3ms)
Rendered /home/mieczyk/.rvm/gems/ruby-1.9.2-p0/gems/devise-1.1.3/app/views/devise/sessions/new.html.erb within layouts/application (12.0ms)
Completed 200 OK in 100ms (Views: 19.4ms)


Started GET "/javascripts/ichiban.js" for 127.0.0.1 at 2010-10-29 13:56:45 +0200

ActionController::RoutingError (No route matches "/javascripts/ichiban.js"):
  

Rendered /home/mieczyk/.rvm/gems/ruby-1.9.2-p0/gems/actionpack-3.0.1/lib/action_dispatch/middleware/templates/rescues/routing_error.erb within rescues/layout (1.0ms)


Started GET "/javascripts/ichiban.js" for 127.0.0.1 at 2010-10-29 13:56:45 +0200

ActionController::RoutingError (No route matches "/javascripts/ichiban.js"):
  

Rendered /home/mieczyk/.rvm/gems/ruby-1.9.2-p0/gems/actionpack-3.0.1/lib/action_dispatch/middleware/templates/rescues/routing_error.erb within rescues/layout (1.1ms)
admin['$cmd'].find({:ismaster=>1}, {}).limit(-1)
admin['$cmd'].find({:buildinfo=>1}, {}).limit(-1)
DEPRECATION WARNING: You are using the old router DSL which will be removed in Rails 3.1. Please check how to update your routes file at: http://www.engineyard.com/blog/2010/the-lowdown-on-routes-in-rails-3/. (called from <top (required)> at /home/mieczyk/Projekty/ichiban/spec/dummy/config/routes.rb:1)
DEPRECATION WARNING: You are using the old router DSL which will be removed in Rails 3.1. Please check how to update your routes file at: http://www.engineyard.com/blog/2010/the-lowdown-on-routes-in-rails-3/. (called from <top (required)> at /home/mieczyk/Projekty/ichiban/config/routes.rb:1)


Started GET "/users/sign_in" for 127.0.0.1 at 2010-10-29 14:00:03 +0200
  Processing by Devise::SessionsController#new as HTML
Rendered /home/mieczyk/.rvm/gems/ruby-1.9.2-p0/gems/devise-1.1.3/app/views/devise/shared/_links.erb (1.4ms)
Rendered /home/mieczyk/.rvm/gems/ruby-1.9.2-p0/gems/devise-1.1.3/app/views/devise/sessions/new.html.erb within layouts/application (11.3ms)
Completed 200 OK in 20ms (Views: 18.7ms)


Started GET "/javascripts/ichiban.js" for 127.0.0.1 at 2010-10-29 14:00:04 +0200
admin['$cmd'].find({:ismaster=>1}, {}).limit(-1)
admin['$cmd'].find({:buildinfo=>1}, {}).limit(-1)
DEPRECATION WARNING: You are using the old router DSL which will be removed in Rails 3.1. Please check how to update your routes file at: http://www.engineyard.com/blog/2010/the-lowdown-on-routes-in-rails-3/. (called from <top (required)> at /home/mieczyk/Projekty/ichiban/spec/dummy/config/routes.rb:1)
DEPRECATION WARNING: You are using the old router DSL which will be removed in Rails 3.1. Please check how to update your routes file at: http://www.engineyard.com/blog/2010/the-lowdown-on-routes-in-rails-3/. (called from <top (required)> at /home/mieczyk/Projekty/ichiban/config/routes.rb:1)


Started GET "/users/sign_in" for 127.0.0.1 at 2010-10-29 14:02:32 +0200
  Processing by Devise::SessionsController#new as HTML
Rendered /home/mieczyk/.rvm/gems/ruby-1.9.2-p0/gems/devise-1.1.3/app/views/devise/shared/_links.erb (1.3ms)
Rendered /home/mieczyk/.rvm/gems/ruby-1.9.2-p0/gems/devise-1.1.3/app/views/devise/sessions/new.html.erb within layouts/application (11.6ms)
Completed 200 OK in 20ms (Views: 18.6ms)


Started GET "/javascripts/ichiban.js" for 127.0.0.1 at 2010-10-29 14:02:32 +0200


Started GET "/users/sign_in" for 127.0.0.1 at 2010-10-29 14:03:12 +0200
  Processing by Devise::SessionsController#new as HTML
Rendered /home/mieczyk/.rvm/gems/ruby-1.9.2-p0/gems/devise-1.1.3/app/views/devise/shared/_links.erb (1.3ms)
Rendered /home/mieczyk/.rvm/gems/ruby-1.9.2-p0/gems/devise-1.1.3/app/views/devise/sessions/new.html.erb within layouts/application (11.5ms)
Completed 200 OK in 95ms (Views: 18.5ms)


Started GET "/javascripts/ichiban.js" for 127.0.0.1 at 2010-10-29 14:03:13 +0200


Started GET "/users/sign_in" for 127.0.0.1 at 2010-10-29 14:07:59 +0200
  Processing by Devise::SessionsController#new as HTML
Rendered /home/mieczyk/.rvm/gems/ruby-1.9.2-p0/gems/devise-1.1.3/app/views/devise/shared/_links.erb (2.0ms)
Rendered /home/mieczyk/.rvm/gems/ruby-1.9.2-p0/gems/devise-1.1.3/app/views/devise/sessions/new.html.erb within layouts/application (20.9ms)
Completed 200 OK in 165ms (Views: 28.8ms)


Started GET "/javascripts/ichiban.js" for 127.0.0.1 at 2010-10-29 14:07:59 +0200


Started GET "/javascripts/rails.js" for 127.0.0.1 at 2010-10-29 14:07:59 +0200
admin['$cmd'].find({:ismaster=>1}, {}).limit(-1)
admin['$cmd'].find({:buildinfo=>1}, {}).limit(-1)
DEPRECATION WARNING: You are using the old router DSL which will be removed in Rails 3.1. Please check how to update your routes file at: http://www.engineyard.com/blog/2010/the-lowdown-on-routes-in-rails-3/. (called from <top (required)> at /home/mieczyk/Projekty/ichiban/spec/dummy/config/routes.rb:1)
DEPRECATION WARNING: You are using the old router DSL which will be removed in Rails 3.1. Please check how to update your routes file at: http://www.engineyard.com/blog/2010/the-lowdown-on-routes-in-rails-3/. (called from <top (required)> at /home/mieczyk/Projekty/ichiban/config/routes.rb:1)


Started GET "/users/sign_in" for 127.0.0.1 at 2010-10-29 14:08:03 +0200
  Processing by Devise::SessionsController#new as HTML
Rendered /home/mieczyk/.rvm/gems/ruby-1.9.2-p0/gems/devise-1.1.3/app/views/devise/shared/_links.erb (1.5ms)
Rendered /home/mieczyk/.rvm/gems/ruby-1.9.2-p0/gems/devise-1.1.3/app/views/devise/sessions/new.html.erb within layouts/application (12.7ms)
Completed 200 OK in 103ms (Views: 19.9ms)


Started GET "/javascripts/rails.js" for 127.0.0.1 at 2010-10-29 14:08:03 +0200


Started GET "/javascripts/ichiban.js" for 127.0.0.1 at 2010-10-29 14:08:03 +0200
admin['$cmd'].find({:ismaster=>1}, {}).limit(-1)
admin['$cmd'].find({:buildinfo=>1}, {}).limit(-1)
DEPRECATION WARNING: You are using the old router DSL which will be removed in Rails 3.1. Please check how to update your routes file at: http://www.engineyard.com/blog/2010/the-lowdown-on-routes-in-rails-3/. (called from <top (required)> at /home/mieczyk/Projekty/ichiban/spec/dummy/config/routes.rb:1)
DEPRECATION WARNING: You are using the old router DSL which will be removed in Rails 3.1. Please check how to update your routes file at: http://www.engineyard.com/blog/2010/the-lowdown-on-routes-in-rails-3/. (called from <top (required)> at /home/mieczyk/Projekty/ichiban/config/routes.rb:1)


Started GET "/users/sign_in" for 127.0.0.1 at 2010-10-29 14:08:31 +0200
  Processing by Devise::SessionsController#new as HTML
Rendered /home/mieczyk/.rvm/gems/ruby-1.9.2-p0/gems/devise-1.1.3/app/views/devise/shared/_links.erb (1.8ms)
Rendered /home/mieczyk/.rvm/gems/ruby-1.9.2-p0/gems/devise-1.1.3/app/views/devise/sessions/new.html.erb within layouts/application (12.0ms)
Completed 200 OK in 20ms (Views: 19.4ms)


Started GET "/javascripts/rails.js" for 127.0.0.1 at 2010-10-29 14:08:32 +0200


Started GET "/javascripts/ichiban.js" for 127.0.0.1 at 2010-10-29 14:08:32 +0200


Started GET "/users/sign_in" for 127.0.0.1 at 2010-10-29 14:08:35 +0200
  Processing by Devise::SessionsController#new as HTML
Rendered /home/mieczyk/.rvm/gems/ruby-1.9.2-p0/gems/devise-1.1.3/app/views/devise/shared/_links.erb (1.4ms)
Rendered /home/mieczyk/.rvm/gems/ruby-1.9.2-p0/gems/devise-1.1.3/app/views/devise/sessions/new.html.erb within layouts/application (11.4ms)
Completed 200 OK in 96ms (Views: 18.8ms)


Started GET "/javascripts/ichiban.js" for 127.0.0.1 at 2010-10-29 14:08:36 +0200


Started GET "/javascripts/rails.js" for 127.0.0.1 at 2010-10-29 14:08:36 +0200
admin['$cmd'].find({:ismaster=>1}, {}).limit(-1)
admin['$cmd'].find({:buildinfo=>1}, {}).limit(-1)
DEPRECATION WARNING: You are using the old router DSL which will be removed in Rails 3.1. Please check how to update your routes file at: http://www.engineyard.com/blog/2010/the-lowdown-on-routes-in-rails-3/. (called from <top (required)> at /home/mieczyk/Projekty/ichiban/spec/dummy/config/routes.rb:1)
DEPRECATION WARNING: You are using the old router DSL which will be removed in Rails 3.1. Please check how to update your routes file at: http://www.engineyard.com/blog/2010/the-lowdown-on-routes-in-rails-3/. (called from <top (required)> at /home/mieczyk/Projekty/ichiban/config/routes.rb:1)
admin['$cmd'].find({:ismaster=>1}, {}).limit(-1)
admin['$cmd'].find({:buildinfo=>1}, {}).limit(-1)
DEPRECATION WARNING: You are using the old router DSL which will be removed in Rails 3.1. Please check how to update your routes file at: http://www.engineyard.com/blog/2010/the-lowdown-on-routes-in-rails-3/. (called from <top (required)> at /home/mieczyk/Projekty/ichiban/spec/dummy/config/routes.rb:1)
DEPRECATION WARNING: You are using the old router DSL which will be removed in Rails 3.1. Please check how to update your routes file at: http://www.engineyard.com/blog/2010/the-lowdown-on-routes-in-rails-3/. (called from <top (required)> at /home/mieczyk/Projekty/ichiban/config/routes.rb:1)
admin['$cmd'].find({:ismaster=>1}, {}).limit(-1)
admin['$cmd'].find({:buildinfo=>1}, {}).limit(-1)
DEPRECATION WARNING: You are using the old router DSL which will be removed in Rails 3.1. Please check how to update your routes file at: http://www.engineyard.com/blog/2010/the-lowdown-on-routes-in-rails-3/. (called from <top (required)> at /home/mieczyk/Projekty/ichiban/spec/dummy/config/routes.rb:1)
DEPRECATION WARNING: You are using the old router DSL which will be removed in Rails 3.1. Please check how to update your routes file at: http://www.engineyard.com/blog/2010/the-lowdown-on-routes-in-rails-3/. (called from <top (required)> at /home/mieczyk/Projekty/ichiban/config/routes.rb:1)
ichiban_development['$cmd'].find({"count"=>"users", "query"=>{:email=>/^a@b.com$/i}, "fields"=>nil}, {}).limit(-1)
ichiban_development['$cmd'].find({"count"=>"users", "query"=>{:email=>/^a@b.com$/i}, "fields"=>nil}, {}).limit(-1)
ichiban_development['articles'].find({"user_id"=>BSON::ObjectId('4ccaba808993c57888000001')}, {})
MONGODB ichiban_development['users'].insert([{"admin"=>false, "email"=>"a@b.com", "encrypted_password"=>"$2a$10$yAorB268/2ncnyPcxoHN7Ospf.HQpxpDq0qU3lJ6j4j.zNrvkNacS", "password_salt"=>"$2a$10$yAorB268/2ncnyPcxoHN7O", "sign_in_count"=>0, "_id"=>BSON::ObjectId('4ccaba808993c57888000001'), "name"=>"test", "created_at"=>2010-10-29 12:14:32 UTC, "updated_at"=>2010-10-29 12:14:32 UTC, "picture_filename"=>"picture.jpg"}])


Started POST "/users/sign_in" for 127.0.0.1 at 2010-10-29 14:14:42 +0200
  Processing by Devise::SessionsController#create as HTML
  Parameters: {"utf8"=>"✓", "authenticity_token"=>"KKIm/4piAoS0KWa7e/kJ3l/C7QhQA/NdPirCtFsgB64=", "user"=>{"email"=>"a@b.com", "password"=>"[FILTERED]", "remember_me"=>"0"}, "commit"=>"Sign in"}
Completed   in 1ms
  Processing by Devise::SessionsController#new as HTML
  Parameters: {"utf8"=>"✓", "authenticity_token"=>"KKIm/4piAoS0KWa7e/kJ3l/C7QhQA/NdPirCtFsgB64=", "user"=>{"email"=>"a@b.com", "password"=>"[FILTERED]", "remember_me"=>"0"}, "commit"=>"Sign in"}
Rendered /home/mieczyk/.rvm/gems/ruby-1.9.2-p0/gems/devise-1.1.3/app/views/devise/shared/_links.erb (1.4ms)
Rendered /home/mieczyk/.rvm/gems/ruby-1.9.2-p0/gems/devise-1.1.3/app/views/devise/sessions/new.html.erb within layouts/application (11.8ms)
Completed 200 OK in 195ms (Views: 19.2ms)


Started POST "/users/sign_in" for 127.0.0.1 at 2010-10-29 14:14:50 +0200
  Processing by Devise::SessionsController#create as HTML
  Parameters: {"utf8"=>"✓", "authenticity_token"=>"KKIm/4piAoS0KWa7e/kJ3l/C7QhQA/NdPirCtFsgB64=", "user"=>{"email"=>"a@b.com", "password"=>"[FILTERED]", "remember_me"=>"0"}, "commit"=>"Sign in"}
ichiban_development['users'].find({"email"=>"a@b.com"}, {}).limit(-1)
MONGODB ichiban_development['users'].update({"_id"=>BSON::ObjectId('4ccaba808993c57888000001')}, {"$set"=>{"last_sign_in_at"=>2010-10-29 12:14:50 UTC, "current_sign_in_at"=>2010-10-29 12:14:50 UTC, "last_sign_in_ip"=>"127.0.0.1", "current_sign_in_ip"=>"127.0.0.1", "sign_in_count"=>1, "updated_at"=>2010-10-29 12:14:50 UTC}})
Redirected to http://localhost:3000/admin
Completed 302 Found in 208ms


Started GET "/admin" for 127.0.0.1 at 2010-10-29 14:14:50 +0200
  Processing by Admin::DashboardController#index as HTML
ichiban_development['users'].find({:_id=>BSON::ObjectId('4ccaba808993c57888000001')}, {}).limit(-1)
Rendered /home/mieczyk/Projekty/ichiban/app/views/layouts/admin/_flash_messages.html.haml (2.8ms)
Rendered /home/mieczyk/Projekty/ichiban/app/views/admin/dashboard/index.html.haml within layouts/admin (16.8ms)
Completed 200 OK in 78ms (Views: 24.0ms)


Started GET "/stylesheets/reset.css" for 127.0.0.1 at 2010-10-29 14:14:50 +0200


Started GET "/images/amberbit.png" for 127.0.0.1 at 2010-10-29 14:14:50 +0200


Started GET "/javascripts/admin.js" for 127.0.0.1 at 2010-10-29 14:14:50 +0200

ActionController::RoutingError (No route matches "/javascripts/admin.js"):
  

Rendered /home/mieczyk/.rvm/gems/ruby-1.9.2-p0/gems/actionpack-3.0.1/lib/action_dispatch/middleware/templates/rescues/routing_error.erb within rescues/layout (1.1ms)


Started GET "/stylesheets/admin.css" for 127.0.0.1 at 2010-10-29 14:14:50 +0200


Started GET "/javascripts/admin.js" for 127.0.0.1 at 2010-10-29 14:14:50 +0200

ActionController::RoutingError (No route matches "/javascripts/admin.js"):
  

Rendered /home/mieczyk/.rvm/gems/ruby-1.9.2-p0/gems/actionpack-3.0.1/lib/action_dispatch/middleware/templates/rescues/routing_error.erb within rescues/layout (1.2ms)


Started GET "/admin/assets" for 127.0.0.1 at 2010-10-29 14:14:54 +0200
  Processing by Admin::AssetsController#index as HTML
ichiban_development['users'].find({:_id=>BSON::ObjectId('4ccaba808993c57888000001')}, {}).limit(-1)
ichiban_development['assets'].find({}, {}).sort(["created_at", "desc"])
Rendered /home/mieczyk/Projekty/ichiban/app/views/layouts/admin/_flash_messages.html.haml (2.6ms)
Rendered /home/mieczyk/Projekty/ichiban/app/views/admin/assets/index.html.haml within layouts/admin (21.1ms)
Completed 200 OK in 154ms (Views: 28.1ms)


Started GET "/javascripts/admin.js" for 127.0.0.1 at 2010-10-29 14:14:54 +0200

ActionController::RoutingError (No route matches "/javascripts/admin.js"):
  

Rendered /home/mieczyk/.rvm/gems/ruby-1.9.2-p0/gems/actionpack-3.0.1/lib/action_dispatch/middleware/templates/rescues/routing_error.erb within rescues/layout (1.2ms)


Started GET "/javascripts/admin.js" for 127.0.0.1 at 2010-10-29 14:14:54 +0200

ActionController::RoutingError (No route matches "/javascripts/admin.js"):
  

Rendered /home/mieczyk/.rvm/gems/ruby-1.9.2-p0/gems/actionpack-3.0.1/lib/action_dispatch/middleware/templates/rescues/routing_error.erb within rescues/layout (1.0ms)


Started GET "/admin/assets/new" for 127.0.0.1 at 2010-10-29 14:14:56 +0200
  Processing by Admin::AssetsController#new as HTML
ichiban_development['users'].find({:_id=>BSON::ObjectId('4ccaba808993c57888000001')}, {}).limit(-1)
DEPRECATION WARNING: - style block helpers are deprecated. Please use =. (called from __home_mieczyk__rojekty_ichiban_app_views_admin_assets__form_html_haml___721614261_84068820__931311674 at /home/mieczyk/Projekty/ichiban/app/views/admin/assets/_form.html.haml:1)
Rendered /home/mieczyk/Projekty/ichiban/app/views/admin/assets/_form.html.haml (5.1ms)
Rendered /home/mieczyk/Projekty/ichiban/app/views/layouts/admin/_flash_messages.html.haml (2.7ms)
Rendered /home/mieczyk/Projekty/ichiban/app/views/admin/assets/new.html.haml within layouts/admin (23.9ms)
Completed 200 OK in 158ms (Views: 31.2ms)


Started GET "/javascripts/admin.js" for 127.0.0.1 at 2010-10-29 14:14:56 +0200

ActionController::RoutingError (No route matches "/javascripts/admin.js"):
  

Rendered /home/mieczyk/.rvm/gems/ruby-1.9.2-p0/gems/actionpack-3.0.1/lib/action_dispatch/middleware/templates/rescues/routing_error.erb within rescues/layout (1.1ms)


Started GET "/javascripts/admin.js" for 127.0.0.1 at 2010-10-29 14:14:57 +0200

ActionController::RoutingError (No route matches "/javascripts/admin.js"):
  

Rendered /home/mieczyk/.rvm/gems/ruby-1.9.2-p0/gems/actionpack-3.0.1/lib/action_dispatch/middleware/templates/rescues/routing_error.erb within rescues/layout (1.1ms)


Started POST "/admin/assets" for 127.0.0.1 at 2010-10-29 14:15:11 +0200
  Processing by Admin::AssetsController#create as HTML
  Parameters: {"utf8"=>"✓", "authenticity_token"=>"KKIm/4piAoS0KWa7e/kJ3l/C7QhQA/NdPirCtFsgB64=", "asset"=>{"title"=>"test", "file"=>#<File:/tmp/RackMultipart20101029-30566-chg5yt>}, "commit"=>"Submit"}
ichiban_development['users'].find({:_id=>BSON::ObjectId('4ccaba808993c57888000001')}, {}).limit(-1)
MONGODB ichiban_development['assets'].insert([{"title"=>"test", "_id"=>BSON::ObjectId('4ccabacf8993c57766000003'), "created_at"=>2010-10-29 12:15:11 UTC, "updated_at"=>2010-10-29 12:15:11 UTC, "file_filename"=>"tmp-footersample.jpg"}])
Redirected to http://localhost:3000/admin/assets/4ccabacf8993c57766000003
Completed 302 Found in 568ms


Started GET "/admin/assets/4ccabacf8993c57766000003" for 127.0.0.1 at 2010-10-29 14:15:11 +0200
  Processing by Admin::AssetsController#show as HTML
  Parameters: {"id"=>"4ccabacf8993c57766000003"}
ichiban_development['users'].find({:_id=>BSON::ObjectId('4ccaba808993c57888000001')}, {}).limit(-1)
ichiban_development['assets'].find({:_id=>BSON::ObjectId('4ccabacf8993c57766000003')}, {}).limit(-1)
Rendered /home/mieczyk/Projekty/ichiban/app/views/layouts/admin/_flash_messages.html.haml (2.5ms)
Rendered /home/mieczyk/Projekty/ichiban/app/views/admin/assets/show.html.haml within layouts/admin (19.6ms)
Completed 200 OK in 156ms (Views: 26.5ms)


Started GET "/javascripts/admin.js" for 127.0.0.1 at 2010-10-29 14:15:11 +0200

ActionController::RoutingError (No route matches "/javascripts/admin.js"):
  

Rendered /home/mieczyk/.rvm/gems/ruby-1.9.2-p0/gems/actionpack-3.0.1/lib/action_dispatch/middleware/templates/rescues/routing_error.erb within rescues/layout (1.1ms)


Started GET "/javascripts/admin.js" for 127.0.0.1 at 2010-10-29 14:15:12 +0200

ActionController::RoutingError (No route matches "/javascripts/admin.js"):
  

Rendered /home/mieczyk/.rvm/gems/ruby-1.9.2-p0/gems/actionpack-3.0.1/lib/action_dispatch/middleware/templates/rescues/routing_error.erb within rescues/layout (1.0ms)
admin['$cmd'].find({:ismaster=>1}, {}).limit(-1)
admin['$cmd'].find({:buildinfo=>1}, {}).limit(-1)
DEPRECATION WARNING: You are using the old router DSL which will be removed in Rails 3.1. Please check how to update your routes file at: http://www.engineyard.com/blog/2010/the-lowdown-on-routes-in-rails-3/. (called from <top (required)> at /home/mieczyk/Projekty/ichiban/spec/dummy/config/routes.rb:1)
DEPRECATION WARNING: You are using the old router DSL which will be removed in Rails 3.1. Please check how to update your routes file at: http://www.engineyard.com/blog/2010/the-lowdown-on-routes-in-rails-3/. (called from <top (required)> at /home/mieczyk/Projekty/ichiban/config/routes.rb:1)


Started GET "/admin/articles" for 127.0.0.1 at 2010-10-29 14:17:49 +0200
  Processing by Admin::ArticlesController#index as HTML
ichiban_development['users'].find({:_id=>BSON::ObjectId('4ccaba808993c57888000001')}, {}).limit(-1)
ichiban_development['articles'].find({}, {}).sort(["created_at", "desc"])
Rendered /home/mieczyk/Projekty/ichiban/app/views/layouts/admin/_flash_messages.html.haml (3.1ms)
Rendered /home/mieczyk/Projekty/ichiban/app/views/admin/articles/index.html.haml within layouts/admin (56.4ms)
Completed 200 OK in 124ms (Views: 64.0ms)


Started GET "/admin/articles" for 127.0.0.1 at 2010-10-29 14:17:49 +0200
  Processing by Admin::ArticlesController#index as HTML
ichiban_development['users'].find({:_id=>BSON::ObjectId('4ccaba808993c57888000001')}, {}).limit(-1)
ichiban_development['articles'].find({}, {}).sort(["created_at", "desc"])
Rendered /home/mieczyk/Projekty/ichiban/app/views/layouts/admin/_flash_messages.html.haml (2.6ms)
Rendered /home/mieczyk/Projekty/ichiban/app/views/admin/articles/index.html.haml within layouts/admin (22.3ms)
Completed 200 OK in 167ms (Views: 29.2ms)


Started GET "/stylesheets/reset.css" for 127.0.0.1 at 2010-10-29 14:17:49 +0200


Started GET "/stylesheets/admin.css" for 127.0.0.1 at 2010-10-29 14:17:49 +0200


Started GET "/javascripts/rails.js" for 127.0.0.1 at 2010-10-29 14:17:49 +0200


Started GET "/javascripts/admin.js" for 127.0.0.1 at 2010-10-29 14:17:49 +0200

ActionController::RoutingError (No route matches "/javascripts/admin.js"):
  

Rendered /home/mieczyk/.rvm/gems/ruby-1.9.2-p0/gems/actionpack-3.0.1/lib/action_dispatch/middleware/templates/rescues/routing_error.erb within rescues/layout (1.2ms)


Started GET "/javascripts/admin.js" for 127.0.0.1 at 2010-10-29 14:17:51 +0200

ActionController::RoutingError (No route matches "/javascripts/admin.js"):
  

Rendered /home/mieczyk/.rvm/gems/ruby-1.9.2-p0/gems/actionpack-3.0.1/lib/action_dispatch/middleware/templates/rescues/routing_error.erb within rescues/layout (1.0ms)


Started GET "/images/amberbit.png" for 127.0.0.1 at 2010-10-29 14:17:51 +0200


Started GET "/admin/articles/new" for 127.0.0.1 at 2010-10-29 14:17:53 +0200
  Processing by Admin::ArticlesController#new as HTML
ichiban_development['users'].find({:_id=>BSON::ObjectId('4ccaba808993c57888000001')}, {}).limit(-1)
ichiban_development['users'].find({}, {})
DEPRECATION WARNING: - style block helpers are deprecated. Please use =. (called from __home_mieczyk__rojekty_ichiban_app_views_admin_articles__form_html_haml__697078875_88626640__326166489 at /home/mieczyk/Projekty/ichiban/app/views/admin/articles/_form.html.haml:1)
Rendered /home/mieczyk/Projekty/ichiban/app/views/admin/articles/_form.html.haml (11.2ms)
Rendered /home/mieczyk/Projekty/ichiban/app/views/layouts/admin/_flash_messages.html.haml (2.8ms)
Rendered /home/mieczyk/Projekty/ichiban/app/views/admin/articles/new.html.haml within layouts/admin (30.4ms)
Completed 200 OK in 181ms (Views: 37.8ms)


Started GET "/javascripts/admin.js" for 127.0.0.1 at 2010-10-29 14:17:53 +0200

ActionController::RoutingError (No route matches "/javascripts/admin.js"):
  

Rendered /home/mieczyk/.rvm/gems/ruby-1.9.2-p0/gems/actionpack-3.0.1/lib/action_dispatch/middleware/templates/rescues/routing_error.erb within rescues/layout (1.0ms)


Started POST "/admin/articles" for 127.0.0.1 at 2010-10-29 14:18:01 +0200
  Processing by Admin::ArticlesController#create as HTML
  Parameters: {"utf8"=>"✓", "authenticity_token"=>"KKIm/4piAoS0KWa7e/kJ3l/C7QhQA/NdPirCtFsgB64=", "article"=>{"title"=>"asdfasf", "slug"=>"test", "body"=>"", "extended_body"=>"", "keywords_string"=>"", "description"=>"", "user_id"=>"4ccaba808993c57888000001"}, "commit"=>"Submit"}
ichiban_development['users'].find({:_id=>BSON::ObjectId('4ccaba808993c57888000001')}, {}).limit(-1)
ichiban_development['$cmd'].find({"count"=>"articles", "query"=>{:slug=>"test"}, "fields"=>nil}, {}).limit(-1)
ichiban_development['users'].find({}, {})
DEPRECATION WARNING: - style block helpers are deprecated. Please use =. (called from __home_mieczyk__rojekty_ichiban_app_views_admin_articles__form_html_haml__697078875_95299880__326166489 at /home/mieczyk/Projekty/ichiban/app/views/admin/articles/_form.html.haml:1)
Rendered /home/mieczyk/Projekty/ichiban/app/views/admin/articles/_form.html.haml (10.6ms)
Rendered /home/mieczyk/Projekty/ichiban/app/views/layouts/admin/_flash_messages.html.haml (3.0ms)
Rendered /home/mieczyk/Projekty/ichiban/app/views/admin/articles/new.html.haml within layouts/admin (30.4ms)
Completed 200 OK in 183ms (Views: 37.8ms)


Started GET "/javascripts/admin.js" for 127.0.0.1 at 2010-10-29 14:18:02 +0200

ActionController::RoutingError (No route matches "/javascripts/admin.js"):
  

Rendered /home/mieczyk/.rvm/gems/ruby-1.9.2-p0/gems/actionpack-3.0.1/lib/action_dispatch/middleware/templates/rescues/routing_error.erb within rescues/layout (1.1ms)


Started GET "/javascripts/admin.js" for 127.0.0.1 at 2010-10-29 14:18:02 +0200

ActionController::RoutingError (No route matches "/javascripts/admin.js"):
  

Rendered /home/mieczyk/.rvm/gems/ruby-1.9.2-p0/gems/actionpack-3.0.1/lib/action_dispatch/middleware/templates/rescues/routing_error.erb within rescues/layout (1.0ms)


Started POST "/admin/articles" for 127.0.0.1 at 2010-10-29 14:18:05 +0200
  Processing by Admin::ArticlesController#create as HTML
  Parameters: {"utf8"=>"✓", "authenticity_token"=>"KKIm/4piAoS0KWa7e/kJ3l/C7QhQA/NdPirCtFsgB64=", "article"=>{"title"=>"asdfasf", "slug"=>"test", "body"=>"asdfasdf", "extended_body"=>"", "keywords_string"=>"", "description"=>"", "user_id"=>"4ccaba808993c57888000001"}, "commit"=>"Submit"}
ichiban_development['users'].find({:_id=>BSON::ObjectId('4ccaba808993c57888000001')}, {}).limit(-1)
ichiban_development['$cmd'].find({"count"=>"articles", "query"=>{:slug=>"test"}, "fields"=>nil}, {}).limit(-1)
MONGODB ichiban_development['articles'].insert([{"keywords"=>[], "published"=>false, "title"=>"asdfasf", "slug"=>"test", "body"=>"asdfasdf", "extended_body"=>"", "description"=>"", "user_id"=>BSON::ObjectId('4ccaba808993c57888000001'), "_id"=>BSON::ObjectId('4ccabb7d8993c57c0d000003'), "body_processed"=>"<p>asdfasdf</p>\n", "extended_body_processed"=>"\n", "created_at"=>2010-10-29 12:18:05 UTC, "updated_at"=>2010-10-29 12:18:05 UTC}])
Redirected to http://localhost:3000/admin/articles/4ccabb7d8993c57c0d000003
Completed 302 Found in 150ms


Started GET "/admin/articles/4ccabb7d8993c57c0d000003" for 127.0.0.1 at 2010-10-29 14:18:05 +0200
  Processing by Admin::ArticlesController#show as HTML
  Parameters: {"id"=>"4ccabb7d8993c57c0d000003"}
ichiban_development['users'].find({:_id=>BSON::ObjectId('4ccaba808993c57888000001')}, {}).limit(-1)
ichiban_development['articles'].find({:_id=>BSON::ObjectId('4ccabb7d8993c57c0d000003')}, {}).limit(-1)
ichiban_development['users'].find({:_id=>BSON::ObjectId('4ccaba808993c57888000001')}, {}).limit(-1)
Rendered /home/mieczyk/Projekty/ichiban/app/views/layouts/admin/_flash_messages.html.haml (2.8ms)
Rendered /home/mieczyk/Projekty/ichiban/app/views/admin/articles/show.html.haml within layouts/admin (41.6ms)
Completed 200 OK in 192ms (Views: 48.4ms)


Started GET "/javascripts/admin.js" for 127.0.0.1 at 2010-10-29 14:18:05 +0200

ActionController::RoutingError (No route matches "/javascripts/admin.js"):
  

Rendered /home/mieczyk/.rvm/gems/ruby-1.9.2-p0/gems/actionpack-3.0.1/lib/action_dispatch/middleware/templates/rescues/routing_error.erb within rescues/layout (1.1ms)


Started GET "/javascripts/admin.js" for 127.0.0.1 at 2010-10-29 14:18:06 +0200

ActionController::RoutingError (No route matches "/javascripts/admin.js"):
  

Rendered /home/mieczyk/.rvm/gems/ruby-1.9.2-p0/gems/actionpack-3.0.1/lib/action_dispatch/middleware/templates/rescues/routing_error.erb within rescues/layout (1.0ms)


Started GET "/articles/4ccabb7d8993c57c0d000003" for 127.0.0.1 at 2010-10-29 14:18:18 +0200
  Processing by ArticlesController#show as HTML
  Parameters: {"id"=>"4ccabb7d8993c57c0d000003"}
ichiban_development['articles'].find({:_id=>BSON::ObjectId('4ccabb7d8993c57c0d000003')}, {}).limit(-1)
Rendered articles/show.html.haml within layouts/application (269.5ms)
Completed   in 327ms

ActionView::Template::Error (undefined local variable or method `comment_form' for #<#<Class:0xada5dcc>:0xad9dbe0>):
    6: 
    7: = @article.extended_body_processed
    8: 
    9: = comment_form
    10: = comments_list
  app/views/articles/show.html.haml:9:in `_app_views_articles_show_html_haml___592146331_91023050__375437071'

Rendered /home/mieczyk/.rvm/gems/ruby-1.9.2-p0/gems/actionpack-3.0.1/lib/action_dispatch/middleware/templates/rescues/_trace.erb (4.0ms)
Rendered /home/mieczyk/.rvm/gems/ruby-1.9.2-p0/gems/actionpack-3.0.1/lib/action_dispatch/middleware/templates/rescues/_request_and_response.erb (118.3ms)
Rendered /home/mieczyk/.rvm/gems/ruby-1.9.2-p0/gems/actionpack-3.0.1/lib/action_dispatch/middleware/templates/rescues/template_error.erb within rescues/layout (173.0ms)


Started GET "/articles/4ccabb7d8993c57c0d000003" for 127.0.0.1 at 2010-10-29 14:19:34 +0200
  Processing by ArticlesController#show as HTML
  Parameters: {"id"=>"4ccabb7d8993c57c0d000003"}
ichiban_development['articles'].find({:_id=>BSON::ObjectId('4ccabb7d8993c57c0d000003')}, {}).limit(-1)
Rendered articles/show.html.haml within layouts/application (7.2ms)
Completed 200 OK in 65ms (Views: 12.9ms)


Started GET "/javascripts/rails.js" for 127.0.0.1 at 2010-10-29 14:19:34 +0200


Started GET "/javascripts/ichiban.js" for 127.0.0.1 at 2010-10-29 14:19:34 +0200


Started GET "/comments?path=%2Farticles%2F4ccabb7d8993c57c0d000003" for 127.0.0.1 at 2010-10-29 14:19:36 +0200
  Processing by CommentsController#index as */*
  Parameters: {"path"=>"/articles/4ccabb7d8993c57c0d000003"}
ichiban_development['comments'].find({:path=>"/articles/4ccabb7d8993c57c0d000003"}, {}).sort(["created_at", "desc"])
Rendered /home/mieczyk/Projekty/ichiban/app/views/comments/index.html.haml (2.5ms)
Completed 200 OK in 94ms (Views: 11.1ms)


Started GET "/comments/new?path=%2Farticles%2F4ccabb7d8993c57c0d000003" for 127.0.0.1 at 2010-10-29 14:19:36 +0200
  Processing by CommentsController#new as */*
  Parameters: {"path"=>"/articles/4ccabb7d8993c57c0d000003"}
DEPRECATION WARNING: - style block helpers are deprecated. Please use =. (called from __home_mieczyk__rojekty_ichiban_app_views_comments_new_html_haml___161457479_89940380__375437071 at /home/mieczyk/Projekty/ichiban/app/views/comments/new.html.haml:1)
Rendered /home/mieczyk/Projekty/ichiban/app/views/comments/new.html.haml (8.6ms)
Completed 200 OK in 44ms (Views: 17.9ms)
admin['$cmd'].find({:ismaster=>1}, {}).limit(-1)
admin['$cmd'].find({:buildinfo=>1}, {}).limit(-1)
DEPRECATION WARNING: You are using the old router DSL which will be removed in Rails 3.1. Please check how to update your routes file at: http://www.engineyard.com/blog/2010/the-lowdown-on-routes-in-rails-3/. (called from <top (required)> at /home/mieczyk/Projekty/ichiban/spec/dummy/config/routes.rb:1)
DEPRECATION WARNING: You are using the old router DSL which will be removed in Rails 3.1. Please check how to update your routes file at: http://www.engineyard.com/blog/2010/the-lowdown-on-routes-in-rails-3/. (called from <top (required)> at /home/mieczyk/Projekty/ichiban/config/routes.rb:1)


Started GET "/articles/4ccabb7d8993c57c0d000003" for 127.0.0.1 at 2010-10-29 14:20:00 +0200
  Processing by ArticlesController#show as HTML
  Parameters: {"id"=>"4ccabb7d8993c57c0d000003"}
ichiban_development['articles'].find({:_id=>BSON::ObjectId('4ccabb7d8993c57c0d000003')}, {}).limit(-1)
Rendered articles/show.html.haml within layouts/application (6.8ms)
Completed 200 OK in 63ms (Views: 12.2ms)


Started GET "/javascripts/rails.js" for 127.0.0.1 at 2010-10-29 14:20:00 +0200


Started GET "/javascripts/ichiban.js" for 127.0.0.1 at 2010-10-29 14:20:00 +0200


Started GET "/comments/new?path=%2Farticles%2F4ccabb7d8993c57c0d000003" for 127.0.0.1 at 2010-10-29 14:20:02 +0200
  Processing by CommentsController#new as */*
  Parameters: {"path"=>"/articles/4ccabb7d8993c57c0d000003"}
DEPRECATION WARNING: - style block helpers are deprecated. Please use =. (called from __home_mieczyk__rojekty_ichiban_app_views_comments_new_html_haml___85432749_85731900__877541402 at /home/mieczyk/Projekty/ichiban/app/views/comments/new.html.haml:1)
Rendered /home/mieczyk/Projekty/ichiban/app/views/comments/new.html.haml (7.5ms)
Completed 200 OK in 39ms (Views: 15.5ms)


Started GET "/comments?path=%2Farticles%2F4ccabb7d8993c57c0d000003" for 127.0.0.1 at 2010-10-29 14:20:02 +0200
  Processing by CommentsController#index as */*
  Parameters: {"path"=>"/articles/4ccabb7d8993c57c0d000003"}
ichiban_development['comments'].find({:path=>"/articles/4ccabb7d8993c57c0d000003"}, {}).sort(["created_at", "desc"])
Rendered /home/mieczyk/Projekty/ichiban/app/views/comments/index.html.haml (21.4ms)
Completed 200 OK in 56ms (Views: 30.2ms)
admin['$cmd'].find({:ismaster=>1}, {}).limit(-1)
admin['$cmd'].find({:buildinfo=>1}, {}).limit(-1)
DEPRECATION WARNING: You are using the old router DSL which will be removed in Rails 3.1. Please check how to update your routes file at: http://www.engineyard.com/blog/2010/the-lowdown-on-routes-in-rails-3/. (called from <top (required)> at /home/mieczyk/Projekty/ichiban/spec/dummy/config/routes.rb:1)
DEPRECATION WARNING: You are using the old router DSL which will be removed in Rails 3.1. Please check how to update your routes file at: http://www.engineyard.com/blog/2010/the-lowdown-on-routes-in-rails-3/. (called from <top (required)> at /home/mieczyk/Projekty/ichiban/config/routes.rb:1)


Started GET "/articles/4ccabb7d8993c57c0d000003" for 127.0.0.1 at 2010-10-29 14:21:34 +0200
  Processing by ArticlesController#show as HTML
  Parameters: {"id"=>"4ccabb7d8993c57c0d000003"}
ichiban_development['articles'].find({:_id=>BSON::ObjectId('4ccabb7d8993c57c0d000003')}, {}).limit(-1)
Rendered articles/show.html.haml within layouts/application (6.9ms)
Completed 200 OK in 64ms (Views: 12.5ms)


Started GET "/javascripts/rails.js" for 127.0.0.1 at 2010-10-29 14:21:34 +0200


Started GET "/javascripts/ichiban.js" for 127.0.0.1 at 2010-10-29 14:21:34 +0200


Started GET "/comments?path=%2Farticles%2F4ccabb7d8993c57c0d000003" for 127.0.0.1 at 2010-10-29 14:21:35 +0200
  Processing by CommentsController#index as */*
  Parameters: {"path"=>"/articles/4ccabb7d8993c57c0d000003"}
ichiban_development['comments'].find({:path=>"/articles/4ccabb7d8993c57c0d000003"}, {}).sort(["created_at", "desc"])
Rendered /home/mieczyk/Projekty/ichiban/app/views/comments/index.html.haml (2.4ms)
Completed 200 OK in 34ms (Views: 10.7ms)


Started GET "/comments/new?path=%2Farticles%2F4ccabb7d8993c57c0d000003" for 127.0.0.1 at 2010-10-29 14:21:35 +0200
  Processing by CommentsController#new as */*
  Parameters: {"path"=>"/articles/4ccabb7d8993c57c0d000003"}
DEPRECATION WARNING: - style block helpers are deprecated. Please use =. (called from __home_mieczyk__rojekty_ichiban_app_views_comments_new_html_haml__589884124_82341580__1011785332 at /home/mieczyk/Projekty/ichiban/app/views/comments/new.html.haml:1)
Rendered /home/mieczyk/Projekty/ichiban/app/views/comments/new.html.haml (7.7ms)
Completed 200 OK in 41ms (Views: 16.2ms)


Started POST "/comments" for 127.0.0.1 at 2010-10-29 14:21:43 +0200
  Processing by CommentsController#create as JS
  Parameters: {"utf8"=>"✓", "authenticity_token"=>"KKIm/4piAoS0KWa7e/kJ3l/C7QhQA/NdPirCtFsgB64=", "comment"=>{"path"=>"/articles/4ccabb7d8993c57c0d000003", "name"=>"ziom", "email"=>"a@asdfasdf.com", "content"=>"asdfasdfasdf"}}
MONGODB ichiban_development['comments'].insert([{"path"=>"/articles/4ccabb7d8993c57c0d000003", "name"=>"ziom", "email"=>"a@asdfasdf.com", "content"=>"asdfasdfasdf", "_id"=>BSON::ObjectId('4ccabc578993c57fdb000002'), "created_at"=>2010-10-29 12:21:43 UTC, "updated_at"=>2010-10-29 12:21:43 UTC}])
Rendered /home/mieczyk/Projekty/ichiban/app/views/comments/_success.js.erb (0.4ms)
Completed 200 OK in 61ms (Views: 3.3ms)


Started GET "/comments?path=%2Farticles%2F4ccabb7d8993c57c0d000003" for 127.0.0.1 at 2010-10-29 14:21:43 +0200
  Processing by CommentsController#index as */*
  Parameters: {"path"=>"/articles/4ccabb7d8993c57c0d000003"}
ichiban_development['comments'].find({:path=>"/articles/4ccabb7d8993c57c0d000003"}, {}).sort(["created_at", "desc"])
Rendered /home/mieczyk/Projekty/ichiban/app/views/comments/index.html.haml (2.7ms)
Completed 200 OK in 36ms (Views: 11.7ms)
